Using pre-set license
Built from '2021.2/staging' branch; Version is '2021.2.19f1 (602ecdbb2fb0) revision 6303437'; Using compiler version '192829333'; Build Type 'Release'
OS: 'Windows 10  (10.0.17134) 64bit Core' Language: 'en' Physical Memory: 16228 MB
BatchMode: 1, IsHumanControllingUs: 0, StartBugReporterOnCrash: 0, Is64bit: 1, IsPro: 1

COMMAND LINE ARGUMENTS:
C:\Program Files\Unity\Hub\Editor\2021.2.19f1\Editor\Unity.exe
-adb2
-batchMode
-noUpm
-name
AssetImportWorker0
-projectPath
C:/Users/Owner/Documents/GitHub/Final-Project-DnD/Final-DnD
-logFile
Logs/AssetImportWorker0.log
-srvPort
53570
Successfully changed project path to: C:/Users/Owner/Documents/GitHub/Final-Project-DnD/Final-DnD
C:/Users/Owner/Documents/GitHub/Final-Project-DnD/Final-DnD
[UnityMemory] Configuration Parameters - Can be set up in boot.config
    "memorysetup-bucket-allocator-granularity=16"
    "memorysetup-bucket-allocator-bucket-count=8"
    "memorysetup-bucket-allocator-block-size=33554432"
    "memorysetup-bucket-allocator-block-count=8"
    "memorysetup-main-allocator-block-size=16777216"
    "memorysetup-thread-allocator-block-size=16777216"
    "memorysetup-gfx-main-allocator-block-size=16777216"
    "memorysetup-gfx-thread-allocator-block-size=16777216"
    "memorysetup-cache-allocator-block-size=4194304"
    "memorysetup-typetree-allocator-block-size=2097152"
    "memorysetup-profiler-bucket-allocator-granularity=16"
    "memorysetup-profiler-bucket-allocator-bucket-count=8"
    "memorysetup-profiler-bucket-allocator-block-size=33554432"
    "memorysetup-profiler-bucket-allocator-block-count=8"
    "memorysetup-profiler-allocator-block-size=16777216"
    "memorysetup-profiler-editor-allocator-block-size=1048576"
    "memorysetup-temp-allocator-size-main=16777216"
    "memorysetup-job-temp-allocator-block-size=2097152"
    "memorysetup-job-temp-allocator-block-size-background=1048576"
    "memorysetup-job-temp-allocator-reduction-small-platforms=262144"
    "memorysetup-temp-allocator-size-background-worker=32768"
    "memorysetup-temp-allocator-size-job-worker=262144"
    "memorysetup-temp-allocator-size-preload-manager=33554432"
    "memorysetup-temp-allocator-size-nav-mesh-worker=65536"
    "memorysetup-temp-allocator-size-audio-worker=65536"
    "memorysetup-temp-allocator-size-cloud-worker=32768"
    "memorysetup-temp-allocator-size-gi-baking-worker=262144"
    "memorysetup-temp-allocator-size-gfx=262144"
Refreshing native plugins compatible for Editor in 124.68 ms, found 4 plugins.
Preloading 0 native plugins for Editor in 0.00 ms.
Initialize engine version: 2021.2.19f1 (602ecdbb2fb0)
[Subsystems] Discovering subsystems at path C:/Program Files/Unity/Hub/Editor/2021.2.19f1/Editor/Data/Resources/UnitySubsystems
[Subsystems] Discovering subsystems at path C:/Users/Owner/Documents/GitHub/Final-Project-DnD/Final-DnD/Assets
GfxDevice: creating device client; threaded=0; jobified=0
Direct3D:
    Version:  Direct3D 11.0 [level 11.1]
    Renderer: NVIDIA GeForce MX150 (ID=0x1d10)
    Vendor:   NVIDIA
    VRAM:     1983 MB
    Driver:   24.21.13.9836
Initialize mono
Mono path[0] = 'C:/Program Files/Unity/Hub/Editor/2021.2.19f1/Editor/Data/Managed'
Mono path[1] = 'C:/Program Files/Unity/Hub/Editor/2021.2.19f1/Editor/Data/MonoBleedingEdge/lib/mono/unityjit-win32'
Mono config path = 'C:/Program Files/Unity/Hub/Editor/2021.2.19f1/Editor/Data/MonoBleedingEdge/etc'
Using monoOptions --debugger-agent=transport=dt_socket,embedding=1,server=y,suspend=n,address=127.0.0.1:56508
Begin MonoManager ReloadAssembly
Registering precompiled unity dll's ...
Register platform support module: C:/Program Files/Unity/Hub/Editor/2021.2.19f1/Editor/Data/PlaybackEngines/WindowsStandaloneSupport/UnityEditor.WindowsStandalone.Extensions.dll
Registered in 0.007310 seconds.
Native extension for WindowsStandalone target not found
Refreshing native plugins compatible for Editor in 132.57 ms, found 4 plugins.
Preloading 0 native plugins for Editor in 0.00 ms.
Mono: successfully reloaded assembly
- Completed reload, in  0.886 seconds
Domain Reload Profiling:
	ReloadAssembly (887ms)
		BeginReloadAssembly (101ms)
			ExecutionOrderSort (0ms)
			DisableScriptedObjects (0ms)
			BackupInstance (0ms)
			ReleaseScriptingObjects (0ms)
			CreateAndSetChildDomain (1ms)
		EndReloadAssembly (649ms)
			LoadAssemblies (97ms)
			RebuildTransferFunctionScriptingTraits (0ms)
			SetupTypeCache (151ms)
			ReleaseScriptCaches (0ms)
			RebuildScriptCaches (34ms)
			SetupLoadedEditorAssemblies (395ms)
				LogAssemblyErrors (0ms)
				InitializePlatformSupportModulesInManaged (9ms)
				SetLoadedEditorAssemblies (0ms)
				RefreshPlugins (133ms)
				BeforeProcessingInitializeOnLoad (2ms)
				ProcessInitializeOnLoadAttributes (182ms)
				ProcessInitializeOnLoadMethodAttributes (70ms)
				AfterProcessingInitializeOnLoad (0ms)
				EditorAssembliesLoaded (0ms)
			ExecutionOrderSort2 (0ms)
			AwakeInstancesAfterBackupRestoration (0ms)
Platform modules already initialized, skipping
Registering precompiled user dll's ...
Registered in 0.010092 seconds.
Begin MonoManager ReloadAssembly
Symbol file LoadedFromMemory doesn't match image C:\Users\Owner\Documents\GitHub\Final-Project-DnD\Final-DnD\Library\PackageCache\com.unity.visualscripting@1.7.6\Editor\VisualScripting.Core\Dependencies\YamlDotNet\Unity.VisualScripting.YamlDotNet.dll
Symbol file LoadedFromMemory is not a mono symbol file
Symbol file LoadedFromMemory doesn't match image C:\Users\Owner\Documents\GitHub\Final-Project-DnD\Final-DnD\Library\PackageCache\com.unity.visualscripting@1.7.6\Editor\VisualScripting.Core\Dependencies\DotNetZip\Unity.VisualScripting.IonicZip.dll
Native extension for WindowsStandalone target not found
Refreshing native plugins compatible for Editor in 133.01 ms, found 4 plugins.
Preloading 0 native plugins for Editor in 0.00 ms.
Mono: successfully reloaded assembly
- Completed reload, in  1.901 seconds
Domain Reload Profiling:
	ReloadAssembly (1902ms)
		BeginReloadAssembly (156ms)
			ExecutionOrderSort (0ms)
			DisableScriptedObjects (9ms)
			BackupInstance (0ms)
			ReleaseScriptingObjects (0ms)
			CreateAndSetChildDomain (26ms)
		EndReloadAssembly (1557ms)
			LoadAssemblies (160ms)
			RebuildTransferFunctionScriptingTraits (0ms)
			SetupTypeCache (393ms)
			ReleaseScriptCaches (1ms)
			RebuildScriptCaches (70ms)
			SetupLoadedEditorAssemblies (792ms)
				LogAssemblyErrors (0ms)
				InitializePlatformSupportModulesInManaged (5ms)
				SetLoadedEditorAssemblies (0ms)
				RefreshPlugins (133ms)
				BeforeProcessingInitializeOnLoad (187ms)
				ProcessInitializeOnLoadAttributes (314ms)
				ProcessInitializeOnLoadMethodAttributes (130ms)
				AfterProcessingInitializeOnLoad (22ms)
				EditorAssembliesLoaded (0ms)
			ExecutionOrderSort2 (0ms)
			AwakeInstancesAfterBackupRestoration (25ms)
Platform modules already initialized, skipping
========================================================================
Worker process is ready to serve import requests
Launched and connected shader compiler UnityShaderCompiler.exe after 0.14 seconds
Refreshing native plugins compatible for Editor in 0.87 ms, found 4 plugins.
Preloading 0 native plugins for Editor in 0.00 ms.
Unloading 3937 Unused Serialized files (Serialized files now loaded: 0)
Unloading 40 unused Assets / (225.7 KB). Loaded Objects now: 4392.
Memory consumption went from 149.6 MB to 149.4 MB.
Total: 10.482134 ms (FindLiveObjects: 0.802443 ms CreateObjectMapping: 0.875439 ms MarkObjects: 8.573955 ms  DeleteObjects: 0.228755 ms)

AssetImportParameters requested are different than current active one (requested -> active):
  custom:video-decoder-ogg-theora: a1e56fd34408186e4bbccfd4996cb3dc -> 
  custom:container-muxer-webm: aa71ff27fc2769a1b78a27578f13a17b -> 
  custom:container-demuxer-webm: 4f35f7cbe854078d1ac9338744f61a02 -> 
  custom:video-encoder-webm-vp8: eb34c28f22e8b96e1ab97ce403110664 -> 
  custom:video-codec-MediaFoundation-h265: 746d11721c4dcdbdad8f713fa42b33f4 -> 
  custom:audio-encoder-webm-vorbis: bf7c407c2cedff20999df2af8eb42d56 -> 
  custom:framework-win-MediaFoundation: 216162199b28c13a410421893ffa2e32 -> 
  custom:container-demuxer-ogg: 62fdf1f143b41e24485cea50d1cbac27 -> 
  custom:video-decoder-webm-vp8: 9c59270c3fd7afecdb556c50c9e8de78 -> 
  custom:audio-decoder-ogg-vorbis: bf7c407c2cedff20999df2af8eb42d56 -> 
========================================================================
Received Import Request.
  Time since last request: 57620.701674 seconds.
  path: Assets/Scripts/DeckScript.cs
  artifactKey: Guid(6672fef5808fa4e4986fdd582a3e6817) Importer(815301076,1909f56bfc062723c751e8b465ee728b)
Start importing Assets/Scripts/DeckScript.cs using Guid(6672fef5808fa4e4986fdd582a3e6817) Importer(815301076,1909f56bfc062723c751e8b465ee728b)  -> (artifact id: '077ee5ac9bacdfbeab1005483b8b7eb9') in 0.041739 seconds 
========================================================================
Received Import Request.
  Time since last request: 140.495701 seconds.
  path: Assets/Scripts/DeckScript.cs
  artifactKey: Guid(6672fef5808fa4e4986fdd582a3e6817) Importer(815301076,1909f56bfc062723c751e8b465ee728b)
Start importing Assets/Scripts/DeckScript.cs using Guid(6672fef5808fa4e4986fdd582a3e6817) Importer(815301076,1909f56bfc062723c751e8b465ee728b)  -> (artifact id: '99ab9c2c5a8fd2bfee5d3e795b609ef4') in 0.007932 seconds 
========================================================================
Received Import Request.
  Time since last request: 1.135767 seconds.
  path: Assets/Scripts/CardObject.cs
  artifactKey: Guid(b83ff664331c0d541958daeb8ef03bcf) Importer(815301076,1909f56bfc062723c751e8b465ee728b)
Start importing Assets/Scripts/CardObject.cs using Guid(b83ff664331c0d541958daeb8ef03bcf) Importer(815301076,1909f56bfc062723c751e8b465ee728b)  -> (artifact id: '14be74aaa9c5ca3a5211c207fca80ffe') in 0.007006 seconds 
========================================================================
Received Import Request.
  Time since last request: 41.497125 seconds.
  path: Assets/Scripts/EndButtonScript.cs
  artifactKey: Guid(c7b5fcc4eb211fd4380ab2c795a26c36) Importer(815301076,1909f56bfc062723c751e8b465ee728b)
Start importing Assets/Scripts/EndButtonScript.cs using Guid(c7b5fcc4eb211fd4380ab2c795a26c36) Importer(815301076,1909f56bfc062723c751e8b465ee728b)  -> (artifact id: '4327c384d6fe2697d93b8ad342aef798') in 0.011756 seconds 
========================================================================
Received Import Request.
  Time since last request: 36.075314 seconds.
  path: Assets/Scripts/EndButtonScript.cs
  artifactKey: Guid(c7b5fcc4eb211fd4380ab2c795a26c36) Importer(815301076,1909f56bfc062723c751e8b465ee728b)
Start importing Assets/Scripts/EndButtonScript.cs using Guid(c7b5fcc4eb211fd4380ab2c795a26c36) Importer(815301076,1909f56bfc062723c751e8b465ee728b)  -> (artifact id: '61590ecc315fe6e1a9e917dffc6a2ea7') in 0.005352 seconds 
========================================================================
Received Import Request.
  Time since last request: 496.339112 seconds.
  path: Assets/Scripts/EndButtonScript.cs
  artifactKey: Guid(c7b5fcc4eb211fd4380ab2c795a26c36) Importer(815301076,1909f56bfc062723c751e8b465ee728b)
Start importing Assets/Scripts/EndButtonScript.cs using Guid(c7b5fcc4eb211fd4380ab2c795a26c36) Importer(815301076,1909f56bfc062723c751e8b465ee728b)  -> (artifact id: 'cf5db7520862c48b04e2cd641bc09cfc') in 0.005862 seconds 
========================================================================
Received Import Request.
  Time since last request: 16.052450 seconds.
  path: Assets/Scripts/EndButtonScript.cs
  artifactKey: Guid(c7b5fcc4eb211fd4380ab2c795a26c36) Importer(815301076,1909f56bfc062723c751e8b465ee728b)
Start importing Assets/Scripts/EndButtonScript.cs using Guid(c7b5fcc4eb211fd4380ab2c795a26c36) Importer(815301076,1909f56bfc062723c751e8b465ee728b)  -> (artifact id: '1476fef8cb70a82084225f2fded0345e') in 0.008164 seconds 
========================================================================
Received Prepare
Registering precompiled user dll's ...
Registered in 0.016294 seconds.
Begin MonoManager ReloadAssembly
Symbol file LoadedFromMemory doesn't match image C:\Users\Owner\Documents\GitHub\Final-Project-DnD\Final-DnD\Library\PackageCache\com.unity.visualscripting@1.7.6\Editor\VisualScripting.Core\Dependencies\YamlDotNet\Unity.VisualScripting.YamlDotNet.dll
Symbol file LoadedFromMemory is not a mono symbol file
Symbol file LoadedFromMemory doesn't match image C:\Users\Owner\Documents\GitHub\Final-Project-DnD\Final-DnD\Library\PackageCache\com.unity.visualscripting@1.7.6\Editor\VisualScripting.Core\Dependencies\DotNetZip\Unity.VisualScripting.IonicZip.dll
Native extension for WindowsStandalone target not found
Refreshing native plugins compatible for Editor in 0.78 ms, found 4 plugins.
Preloading 0 native plugins for Editor in 0.00 ms.
Mono: successfully reloaded assembly
- Completed reload, in  1.307 seconds
Domain Reload Profiling:
	ReloadAssembly (1308ms)
		BeginReloadAssembly (261ms)
			ExecutionOrderSort (0ms)
			DisableScriptedObjects (17ms)
			BackupInstance (0ms)
			ReleaseScriptingObjects (0ms)
			CreateAndSetChildDomain (77ms)
		EndReloadAssembly (929ms)
			LoadAssemblies (169ms)
			RebuildTransferFunctionScriptingTraits (0ms)
			SetupTypeCache (287ms)
			ReleaseScriptCaches (2ms)
			RebuildScriptCaches (55ms)
			SetupLoadedEditorAssemblies (395ms)
				LogAssemblyErrors (0ms)
				InitializePlatformSupportModulesInManaged (15ms)
				SetLoadedEditorAssemblies (1ms)
				RefreshPlugins (1ms)
				BeforeProcessingInitializeOnLoad (92ms)
				ProcessInitializeOnLoadAttributes (236ms)
				ProcessInitializeOnLoadMethodAttributes (42ms)
				AfterProcessingInitializeOnLoad (9ms)
				EditorAssembliesLoaded (0ms)
			ExecutionOrderSort2 (0ms)
			AwakeInstancesAfterBackupRestoration (15ms)
Platform modules already initialized, skipping
Refreshing native plugins compatible for Editor in 3.59 ms, found 4 plugins.
Preloading 0 native plugins for Editor in 0.00 ms.
Unloading 3919 Unused Serialized files (Serialized files now loaded: 0)
Unloading 27 unused Assets / (193.1 KB). Loaded Objects now: 4395.
Memory consumption went from 148.3 MB to 148.1 MB.
Total: 4.364857 ms (FindLiveObjects: 0.354699 ms CreateObjectMapping: 0.342876 ms MarkObjects: 3.481707 ms  DeleteObjects: 0.184032 ms)

AssetImportParameters requested are different than current active one (requested -> active):
  custom:video-decoder-ogg-theora: a1e56fd34408186e4bbccfd4996cb3dc -> 
  custom:container-muxer-webm: aa71ff27fc2769a1b78a27578f13a17b -> 
  custom:container-demuxer-webm: 4f35f7cbe854078d1ac9338744f61a02 -> 
  custom:video-encoder-webm-vp8: eb34c28f22e8b96e1ab97ce403110664 -> 
  custom:video-codec-MediaFoundation-h265: 746d11721c4dcdbdad8f713fa42b33f4 -> 
  custom:audio-encoder-webm-vorbis: bf7c407c2cedff20999df2af8eb42d56 -> 
  custom:framework-win-MediaFoundation: 216162199b28c13a410421893ffa2e32 -> 
  custom:container-demuxer-ogg: 62fdf1f143b41e24485cea50d1cbac27 -> 
  custom:video-decoder-webm-vp8: 9c59270c3fd7afecdb556c50c9e8de78 -> 
  custom:audio-decoder-ogg-vorbis: bf7c407c2cedff20999df2af8eb42d56 -> 
========================================================================
Received Prepare
Registering precompiled user dll's ...
Registered in 0.013541 seconds.
Begin MonoManager ReloadAssembly
Symbol file LoadedFromMemory doesn't match image C:\Users\Owner\Documents\GitHub\Final-Project-DnD\Final-DnD\Library\PackageCache\com.unity.visualscripting@1.7.6\Editor\VisualScripting.Core\Dependencies\YamlDotNet\Unity.VisualScripting.YamlDotNet.dll
Symbol file LoadedFromMemory is not a mono symbol file
Symbol file LoadedFromMemory doesn't match image C:\Users\Owner\Documents\GitHub\Final-Project-DnD\Final-DnD\Library\PackageCache\com.unity.visualscripting@1.7.6\Editor\VisualScripting.Core\Dependencies\DotNetZip\Unity.VisualScripting.IonicZip.dll
Native extension for WindowsStandalone target not found
Refreshing native plugins compatible for Editor in 1.22 ms, found 4 plugins.
Preloading 0 native plugins for Editor in 0.00 ms.
Mono: successfully reloaded assembly
- Completed reload, in  2.076 seconds
Domain Reload Profiling:
	ReloadAssembly (2077ms)
		BeginReloadAssembly (207ms)
			ExecutionOrderSort (0ms)
			DisableScriptedObjects (14ms)
			BackupInstance (0ms)
			ReleaseScriptingObjects (0ms)
			CreateAndSetChildDomain (52ms)
		EndReloadAssembly (1680ms)
			LoadAssemblies (191ms)
			RebuildTransferFunctionScriptingTraits (0ms)
			SetupTypeCache (515ms)
			ReleaseScriptCaches (4ms)
			RebuildScriptCaches (118ms)
			SetupLoadedEditorAssemblies (680ms)
				LogAssemblyErrors (0ms)
				InitializePlatformSupportModulesInManaged (28ms)
				SetLoadedEditorAssemblies (1ms)
				RefreshPlugins (1ms)
				BeforeProcessingInitializeOnLoad (146ms)
				ProcessInitializeOnLoadAttributes (426ms)
				ProcessInitializeOnLoadMethodAttributes (63ms)
				AfterProcessingInitializeOnLoad (16ms)
				EditorAssembliesLoaded (0ms)
			ExecutionOrderSort2 (0ms)
			AwakeInstancesAfterBackupRestoration (38ms)
Platform modules already initialized, skipping
Refreshing native plugins compatible for Editor in 5.88 ms, found 4 plugins.
Preloading 0 native plugins for Editor in 0.00 ms.
Unloading 3919 Unused Serialized files (Serialized files now loaded: 0)
Unloading 27 unused Assets / (193.1 KB). Loaded Objects now: 4398.
Memory consumption went from 148.3 MB to 148.1 MB.
Total: 8.358051 ms (FindLiveObjects: 0.421013 ms CreateObjectMapping: 0.798844 ms MarkObjects: 6.843639 ms  DeleteObjects: 0.291470 ms)

AssetImportParameters requested are different than current active one (requested -> active):
  custom:video-decoder-ogg-theora: a1e56fd34408186e4bbccfd4996cb3dc -> 
  custom:container-muxer-webm: aa71ff27fc2769a1b78a27578f13a17b -> 
  custom:container-demuxer-webm: 4f35f7cbe854078d1ac9338744f61a02 -> 
  custom:video-encoder-webm-vp8: eb34c28f22e8b96e1ab97ce403110664 -> 
  custom:video-codec-MediaFoundation-h265: 746d11721c4dcdbdad8f713fa42b33f4 -> 
  custom:audio-encoder-webm-vorbis: bf7c407c2cedff20999df2af8eb42d56 -> 
  custom:framework-win-MediaFoundation: 216162199b28c13a410421893ffa2e32 -> 
  custom:container-demuxer-ogg: 62fdf1f143b41e24485cea50d1cbac27 -> 
  custom:video-decoder-webm-vp8: 9c59270c3fd7afecdb556c50c9e8de78 -> 
  custom:audio-decoder-ogg-vorbis: bf7c407c2cedff20999df2af8eb42d56 -> 
========================================================================
Received Import Request.
  Time since last request: 1517.193890 seconds.
  path: Assets/Scripts/DeckScript.cs
  artifactKey: Guid(6672fef5808fa4e4986fdd582a3e6817) Importer(815301076,1909f56bfc062723c751e8b465ee728b)
Start importing Assets/Scripts/DeckScript.cs using Guid(6672fef5808fa4e4986fdd582a3e6817) Importer(815301076,1909f56bfc062723c751e8b465ee728b)  -> (artifact id: 'a4b37765f895de14a51089d17286510f') in 0.014163 seconds 
========================================================================
Received Import Request.
  Time since last request: 109.908567 seconds.
  path: Assets/Scenes/Dungeon.unity
  artifactKey: Guid(e4996354d0d836542a3a48583db5f30a) Importer(815301076,1909f56bfc062723c751e8b465ee728b)
Start importing Assets/Scenes/Dungeon.unity using Guid(e4996354d0d836542a3a48583db5f30a) Importer(815301076,1909f56bfc062723c751e8b465ee728b)  -> (artifact id: '1896a831ef29cb30fdf9276a76821aeb') in 0.012620 seconds 
========================================================================
Received Import Request.
  Time since last request: 0.993760 seconds.
  path: Assets/Scenes/Fight.unity
  artifactKey: Guid(f9f5777877ceba646a983c634e696b5a) Importer(815301076,1909f56bfc062723c751e8b465ee728b)
Start importing Assets/Scenes/Fight.unity using Guid(f9f5777877ceba646a983c634e696b5a) Importer(815301076,1909f56bfc062723c751e8b465ee728b)  -> (artifact id: 'c31bb93f8517a24123154bf3efaaa948') in 0.014095 seconds 
========================================================================
Received Import Request.
  Time since last request: 61.599039 seconds.
  path: Assets/Scripts/CardDrawing.cs
  artifactKey: Guid(6c3fcb050a0d9e94f87a6d429c201a80) Importer(815301076,1909f56bfc062723c751e8b465ee728b)
Start importing Assets/Scripts/CardDrawing.cs using Guid(6c3fcb050a0d9e94f87a6d429c201a80) Importer(815301076,1909f56bfc062723c751e8b465ee728b)  -> (artifact id: '695cb0129b4c66ec8fe4c439cd4644cc') in 0.013285 seconds 
========================================================================
Received Import Request.
  Time since last request: 121.273331 seconds.
  path: Assets/Scripts/CardDrawing.cs
  artifactKey: Guid(6c3fcb050a0d9e94f87a6d429c201a80) Importer(815301076,1909f56bfc062723c751e8b465ee728b)
Start importing Assets/Scripts/CardDrawing.cs using Guid(6c3fcb050a0d9e94f87a6d429c201a80) Importer(815301076,1909f56bfc062723c751e8b465ee728b)  -> (artifact id: '97ad4a3e85cbbcf8281c587df3beba83') in 0.008906 seconds 
========================================================================
Received Import Request.
  Time since last request: 294.119704 seconds.
  path: Assets/Scripts/CardDrawing.cs
  artifactKey: Guid(6c3fcb050a0d9e94f87a6d429c201a80) Importer(815301076,1909f56bfc062723c751e8b465ee728b)
Start importing Assets/Scripts/CardDrawing.cs using Guid(6c3fcb050a0d9e94f87a6d429c201a80) Importer(815301076,1909f56bfc062723c751e8b465ee728b)  -> (artifact id: '0f7043cb8aa07a2a72b00e78fc11b81e') in 0.008032 seconds 
========================================================================
Received Import Request.
  Time since last request: 17.937314 seconds.
  path: Assets/Scripts/CardDrawing.cs
  artifactKey: Guid(6c3fcb050a0d9e94f87a6d429c201a80) Importer(815301076,1909f56bfc062723c751e8b465ee728b)
Start importing Assets/Scripts/CardDrawing.cs using Guid(6c3fcb050a0d9e94f87a6d429c201a80) Importer(815301076,1909f56bfc062723c751e8b465ee728b)  -> (artifact id: '083230feecd46ca0cc47b45a03781d89') in 0.010231 seconds 
========================================================================
Received Import Request.
  Time since last request: 32.256860 seconds.
  path: Assets/Scripts/CardDrawing.cs
  artifactKey: Guid(6c3fcb050a0d9e94f87a6d429c201a80) Importer(815301076,1909f56bfc062723c751e8b465ee728b)
Start importing Assets/Scripts/CardDrawing.cs using Guid(6c3fcb050a0d9e94f87a6d429c201a80) Importer(815301076,1909f56bfc062723c751e8b465ee728b)  -> (artifact id: '4c7c412cc33959933a48fd363a6659bb') in 0.005235 seconds 
